<?xml version="1.0" encoding="UTF-8"?>
<!-- Generated by org.testng.reporters.JUnitReportReporter -->
<testsuite hostname="DESKTOP-9DSR5ML" failures="0" tests="1" name="com.ShopperStack_TestScript.Verify_user_able_to_add_address_Test" time="58.287" errors="0" timestamp="2024-05-05T10:52:29 IST" skipped="0">
  <testcase classname="com.ShopperStack_TestScript.Verify_user_able_to_add_address_Test" name="addAdress" time="58.287"/>
</testsuite> <!-- com.ShopperStack_TestScript.Verify_user_able_to_add_address_Test -->
