<?xml version="1.0" encoding="UTF-8"?>
<!-- Generated by org.testng.reporters.JUnitReportReporter -->
<testsuite hostname="DESKTOP-9DSR5ML" failures="0" tests="1" name="com.ShopperStack_TestScript.verify_user_is_able_to_delete_address_Test" time="36.711" errors="0" timestamp="2024-05-05T10:53:35 IST" skipped="0">
  <testcase classname="com.ShopperStack_TestScript.verify_user_is_able_to_delete_address_Test" name="deleteAddress" time="36.711"/>
</testsuite> <!-- com.ShopperStack_TestScript.verify_user_is_able_to_delete_address_Test -->
