<?xml version="1.0" encoding="UTF-8"?>
<!-- Generated by org.testng.reporters.JUnitReportReporter -->
<testsuite hostname="DESKTOP-9DSR5ML" failures="0" tests="1" name="com.ShopperStack_TestScript.Demo" time="13.675" errors="0" timestamp="2024-04-27T09:32:04 IST" skipped="0">
  <testcase classname="com.ShopperStack_TestScript.Demo" name="demo" time="13.675"/>
</testsuite> <!-- com.ShopperStack_TestScript.Demo -->
