<?xml version="1.0" encoding="UTF-8"?>
<!-- Generated by org.testng.reporters.JUnitReportReporter -->
<testsuite hostname="DESKTOP-9DSR5ML" failures="0" tests="1" name="com.ShopperStack_TestScript.Verify_user_able_to_add_address" time="20.855" errors="0" timestamp="2024-05-04T09:29:09 IST" skipped="0">
  <testcase classname="com.ShopperStack_TestScript.Verify_user_able_to_add_address" name="addAdress" time="20.855"/>
</testsuite> <!-- com.ShopperStack_TestScript.Verify_user_able_to_add_address -->
