<?xml version="1.0" encoding="UTF-8"?>
<!-- Generated by org.testng.reporters.JUnitReportReporter -->
<testsuite hostname="DESKTOP-9DSR5ML" failures="0" tests="1" name="com.ShopperStack_TestScript.verify_user_is_able_to_delete_address" time="47.448" errors="0" timestamp="2024-05-04T09:36:48 IST" skipped="0">
  <testcase classname="com.ShopperStack_TestScript.verify_user_is_able_to_delete_address" name="deleteAddress" time="47.448"/>
</testsuite> <!-- com.ShopperStack_TestScript.verify_user_is_able_to_delete_address -->
